Added Component: Designator=C1(C1206)
Add component (AddParameter): Name = "Design Item ID"; Value = "CL31B475KBHNNNE"; VariantName = "[No Variations]"
Add component (AddParameter): Name = "Made by"; Value = "Brennan Swanton"; VariantName = "[No Variations]"
Add component (AddParameter): Name = "Reviewed by"; Value = "Carter Allen"; VariantName = "[No Variations]"
Add component (AddParameter): Name = "Source"; Value = "Capacitors.SchLib"; VariantName = "[No Variations]"
Added Component: Designator=C2(C0603)
Add component (AddParameter): Name = "Design Item ID"; Value = "ESD35C104K4T2A-24"; VariantName = "[No Variations]"
Add component (AddParameter): Name = "Made by"; Value = "Brennan Swanton"; VariantName = "[No Variations]"
Add component (AddParameter): Name = "Reviewed by"; Value = ""; VariantName = "[No Variations]"
Add component (AddParameter): Name = "Source"; Value = "Capacitors.SchLib"; VariantName = "[No Variations]"
Add component (AddParameter): Name = "Supplier SKU"; Value = "478-8009-1-ND"; VariantName = "[No Variations]"
Added Component: Designator=C3(C0603)
Add component (AddParameter): Name = "Design Item ID"; Value = "ESD35C104K4T2A-24"; VariantName = "[No Variations]"
Add component (AddParameter): Name = "Made by"; Value = "Brennan Swanton"; VariantName = "[No Variations]"
Add component (AddParameter): Name = "Reviewed by"; Value = ""; VariantName = "[No Variations]"
Add component (AddParameter): Name = "Source"; Value = "Capacitors.SchLib"; VariantName = "[No Variations]"
Add component (AddParameter): Name = "Supplier SKU"; Value = "478-8009-1-ND"; VariantName = "[No Variations]"
Added Component: Designator=C4_B1(C1206)
Add component (AddParameter): Name = "Design Item ID"; Value = "CL31B105KBHNNNE"; VariantName = "[No Variations]"
Add component (AddParameter): Name = "Made by"; Value = "Brennan Swanton"; VariantName = "[No Variations]"
Add component (AddParameter): Name = "Reviewed by"; Value = "Carter Allen"; VariantName = "[No Variations]"
Add component (AddParameter): Name = "Source"; Value = "Capacitors.SchLib"; VariantName = "[No Variations]"
Add component (AddParameter): Name = "Supplier 1"; Value = "Digi-Key"; VariantName = "[No Variations]"
Add component (AddParameter): Name = "Supplier Part Number 1"; Value = "399-C1206C105K5RAC7800CT-ND"; VariantName = "[No Variations]"
Added Component: Designator=C4_B2(C1206)
Add component (AddParameter): Name = "Design Item ID"; Value = "CL31B105KBHNNNE"; VariantName = "[No Variations]"
Add component (AddParameter): Name = "Made by"; Value = "Brennan Swanton"; VariantName = "[No Variations]"
Add component (AddParameter): Name = "Reviewed by"; Value = "Carter Allen"; VariantName = "[No Variations]"
Add component (AddParameter): Name = "Source"; Value = "Capacitors.SchLib"; VariantName = "[No Variations]"
Add component (AddParameter): Name = "Supplier 1"; Value = "Digi-Key"; VariantName = "[No Variations]"
Add component (AddParameter): Name = "Supplier Part Number 1"; Value = "399-C1206C105K5RAC7800CT-ND"; VariantName = "[No Variations]"
Added Component: Designator=C4_B3(C1206)
Add component (AddParameter): Name = "Design Item ID"; Value = "CL31B105KBHNNNE"; VariantName = "[No Variations]"
Add component (AddParameter): Name = "Made by"; Value = "Brennan Swanton"; VariantName = "[No Variations]"
Add component (AddParameter): Name = "Reviewed by"; Value = "Carter Allen"; VariantName = "[No Variations]"
Add component (AddParameter): Name = "Source"; Value = "Capacitors.SchLib"; VariantName = "[No Variations]"
Add component (AddParameter): Name = "Supplier 1"; Value = "Digi-Key"; VariantName = "[No Variations]"
Add component (AddParameter): Name = "Supplier Part Number 1"; Value = "399-C1206C105K5RAC7800CT-ND"; VariantName = "[No Variations]"
Added Component: Designator=C5(C0603)
Add component (AddParameter): Name = "Design Item ID"; Value = "ESD35C104K4T2A-24"; VariantName = "[No Variations]"
Add component (AddParameter): Name = "Made by"; Value = "Brennan Swanton"; VariantName = "[No Variations]"
Add component (AddParameter): Name = "Reviewed by"; Value = ""; VariantName = "[No Variations]"
Add component (AddParameter): Name = "Source"; Value = "Capacitors.SchLib"; VariantName = "[No Variations]"
Add component (AddParameter): Name = "Supplier SKU"; Value = "478-8009-1-ND"; VariantName = "[No Variations]"
Added Component: Designator=C6(C0603)
Add component (AddParameter): Name = "Design Item ID"; Value = "ESD35C104K4T2A-24"; VariantName = "[No Variations]"
Add component (AddParameter): Name = "Made by"; Value = "Brennan Swanton"; VariantName = "[No Variations]"
Add component (AddParameter): Name = "Reviewed by"; Value = ""; VariantName = "[No Variations]"
Add component (AddParameter): Name = "Source"; Value = "Capacitors.SchLib"; VariantName = "[No Variations]"
Add component (AddParameter): Name = "Supplier SKU"; Value = "478-8009-1-ND"; VariantName = "[No Variations]"
Added Component: Designator=C7(C0603)
Add component (AddParameter): Name = "Design Item ID"; Value = "ESD35C104K4T2A-24"; VariantName = "[No Variations]"
Add component (AddParameter): Name = "Made by"; Value = "Brennan Swanton"; VariantName = "[No Variations]"
Add component (AddParameter): Name = "Reviewed by"; Value = ""; VariantName = "[No Variations]"
Add component (AddParameter): Name = "Source"; Value = "Capacitors.SchLib"; VariantName = "[No Variations]"
Add component (AddParameter): Name = "Supplier SKU"; Value = "478-8009-1-ND"; VariantName = "[No Variations]"
Added Component: Designator=C8(C1206)
Add component (AddParameter): Name = "Design Item ID"; Value = "CL31B103KBCNNNC"; VariantName = "[No Variations]"
Add component (AddParameter): Name = "Made by"; Value = "Brennan Swanton"; VariantName = "[No Variations]"
Add component (AddParameter): Name = "Reviewed by"; Value = "Carter Allen"; VariantName = "[No Variations]"
Add component (AddParameter): Name = "Source"; Value = "Capacitors.SchLib"; VariantName = "[No Variations]"
Added Component: Designator=C9(C1206)
Add component (AddParameter): Name = "Design Item ID"; Value = "CL31B104KBCNNNC"; VariantName = "[No Variations]"
Add component (AddParameter): Name = "Made by"; Value = "Brennan Swanton"; VariantName = "[No Variations]"
Add component (AddParameter): Name = "Reviewed by"; Value = "Carter Allen"; VariantName = "[No Variations]"
Add component (AddParameter): Name = "Source"; Value = "Capacitors.SchLib"; VariantName = "[No Variations]"
Added Component: Designator=C10(C1206)
Add component (AddParameter): Name = "Design Item ID"; Value = "CL31B106KLHNNNE"; VariantName = "[No Variations]"
Add component (AddParameter): Name = "Made by"; Value = "Brennan Swanton"; VariantName = "[No Variations]"
Add component (AddParameter): Name = "Reviewed by"; Value = "Carter Allen"; VariantName = "[No Variations]"
Add component (AddParameter): Name = "Source"; Value = "Capacitors.SchLib"; VariantName = "[No Variations]"
Add component (AddParameter): Name = "Supplier SKU"; Value = "1276-3103-1-ND"; VariantName = "[No Variations]"
Added Component: Designator=C11(C1206)
Add component (AddParameter): Name = "Design Item ID"; Value = "CL31B106KLHNNNE"; VariantName = "[No Variations]"
Add component (AddParameter): Name = "Made by"; Value = "Brennan Swanton"; VariantName = "[No Variations]"
Add component (AddParameter): Name = "Reviewed by"; Value = "Carter Allen"; VariantName = "[No Variations]"
Add component (AddParameter): Name = "Source"; Value = "Capacitors.SchLib"; VariantName = "[No Variations]"
Add component (AddParameter): Name = "Supplier SKU"; Value = "1276-3103-1-ND"; VariantName = "[No Variations]"
Added Component: Designator=C12(C1206)
Add component (AddParameter): Name = "Design Item ID"; Value = "CL31B106KLHNNNE"; VariantName = "[No Variations]"
Add component (AddParameter): Name = "Made by"; Value = "Brennan Swanton"; VariantName = "[No Variations]"
Add component (AddParameter): Name = "Reviewed by"; Value = "Carter Allen"; VariantName = "[No Variations]"
Add component (AddParameter): Name = "Source"; Value = "Capacitors.SchLib"; VariantName = "[No Variations]"
Add component (AddParameter): Name = "Supplier SKU"; Value = "1276-3103-1-ND"; VariantName = "[No Variations]"
Added Component: Designator=C13(C1206)
Add component (AddParameter): Name = "Design Item ID"; Value = "CL31B106KLHNNNE"; VariantName = "[No Variations]"
Add component (AddParameter): Name = "Made by"; Value = "Brennan Swanton"; VariantName = "[No Variations]"
Add component (AddParameter): Name = "Reviewed by"; Value = "Carter Allen"; VariantName = "[No Variations]"
Add component (AddParameter): Name = "Source"; Value = "Capacitors.SchLib"; VariantName = "[No Variations]"
Add component (AddParameter): Name = "Supplier SKU"; Value = "1276-3103-1-ND"; VariantName = "[No Variations]"
Added Component: Designator=C14(C1206)
Add component (AddParameter): Name = "Design Item ID"; Value = "CL31B106KLHNNNE"; VariantName = "[No Variations]"
Add component (AddParameter): Name = "Made by"; Value = "Brennan Swanton"; VariantName = "[No Variations]"
Add component (AddParameter): Name = "Reviewed by"; Value = "Carter Allen"; VariantName = "[No Variations]"
Add component (AddParameter): Name = "Source"; Value = "Capacitors.SchLib"; VariantName = "[No Variations]"
Add component (AddParameter): Name = "Supplier SKU"; Value = "1276-3103-1-ND"; VariantName = "[No Variations]"
Added Component: Designator=C15(C1206)
Add component (AddParameter): Name = "Design Item ID"; Value = "CL31B106KLHNNNE"; VariantName = "[No Variations]"
Add component (AddParameter): Name = "Made by"; Value = "Brennan Swanton"; VariantName = "[No Variations]"
Add component (AddParameter): Name = "Reviewed by"; Value = "Carter Allen"; VariantName = "[No Variations]"
Add component (AddParameter): Name = "Source"; Value = "Capacitors.SchLib"; VariantName = "[No Variations]"
Add component (AddParameter): Name = "Supplier SKU"; Value = "1276-3103-1-ND"; VariantName = "[No Variations]"
Added Component: Designator=C16(C1206)
Add component (AddParameter): Name = "Design Item ID"; Value = "CL31B104KBCNNNC"; VariantName = "[No Variations]"
Add component (AddParameter): Name = "Made by"; Value = "Brennan Swanton"; VariantName = "[No Variations]"
Add component (AddParameter): Name = "Reviewed by"; Value = "Carter Allen"; VariantName = "[No Variations]"
Add component (AddParameter): Name = "Source"; Value = "Capacitors.SchLib"; VariantName = "[No Variations]"
Added Component: Designator=C17(C1206)
Add component (AddParameter): Name = "Design Item ID"; Value = "CL31B104KBCNNNC"; VariantName = "[No Variations]"
Add component (AddParameter): Name = "Made by"; Value = "Brennan Swanton"; VariantName = "[No Variations]"
Add component (AddParameter): Name = "Reviewed by"; Value = "Carter Allen"; VariantName = "[No Variations]"
Add component (AddParameter): Name = "Source"; Value = "Capacitors.SchLib"; VariantName = "[No Variations]"
Added Component: Designator=C18(C1206)
Add component (AddParameter): Name = "Design Item ID"; Value = "CL31B106KLHNNNE"; VariantName = "[No Variations]"
Add component (AddParameter): Name = "Made by"; Value = "Brennan Swanton"; VariantName = "[No Variations]"
Add component (AddParameter): Name = "Reviewed by"; Value = "Carter Allen"; VariantName = "[No Variations]"
Add component (AddParameter): Name = "Source"; Value = "Capacitors.SchLib"; VariantName = "[No Variations]"
Add component (AddParameter): Name = "Supplier SKU"; Value = "1276-3103-1-ND"; VariantName = "[No Variations]"
Added Component: Designator=C19(C1206)
Add component (AddParameter): Name = "Design Item ID"; Value = "CL31B106KLHNNNE"; VariantName = "[No Variations]"
Add component (AddParameter): Name = "Made by"; Value = "Brennan Swanton"; VariantName = "[No Variations]"
Add component (AddParameter): Name = "Reviewed by"; Value = "Carter Allen"; VariantName = "[No Variations]"
Add component (AddParameter): Name = "Source"; Value = "Capacitors.SchLib"; VariantName = "[No Variations]"
Add component (AddParameter): Name = "Supplier SKU"; Value = "1276-3103-1-ND"; VariantName = "[No Variations]"
Added Component: Designator=C20(C1206)
Add component (AddParameter): Name = "Design Item ID"; Value = "CL31B106KLHNNNE"; VariantName = "[No Variations]"
Add component (AddParameter): Name = "Made by"; Value = "Brennan Swanton"; VariantName = "[No Variations]"
Add component (AddParameter): Name = "Reviewed by"; Value = "Carter Allen"; VariantName = "[No Variations]"
Add component (AddParameter): Name = "Source"; Value = "Capacitors.SchLib"; VariantName = "[No Variations]"
Add component (AddParameter): Name = "Supplier SKU"; Value = "1276-3103-1-ND"; VariantName = "[No Variations]"
Added Component: Designator=C21(C1206)
Add component (AddParameter): Name = "Design Item ID"; Value = "CL31B106KLHNNNE"; VariantName = "[No Variations]"
Add component (AddParameter): Name = "Made by"; Value = "Brennan Swanton"; VariantName = "[No Variations]"
Add component (AddParameter): Name = "Reviewed by"; Value = "Carter Allen"; VariantName = "[No Variations]"
Add component (AddParameter): Name = "Source"; Value = "Capacitors.SchLib"; VariantName = "[No Variations]"
Add component (AddParameter): Name = "Supplier SKU"; Value = "1276-3103-1-ND"; VariantName = "[No Variations]"
Added Component: Designator=C22(C1206)
Add component (AddParameter): Name = "Design Item ID"; Value = "CL31B104KBCNNNC"; VariantName = "[No Variations]"
Add component (AddParameter): Name = "Made by"; Value = "Brennan Swanton"; VariantName = "[No Variations]"
Add component (AddParameter): Name = "Reviewed by"; Value = "Carter Allen"; VariantName = "[No Variations]"
Add component (AddParameter): Name = "Source"; Value = "Capacitors.SchLib"; VariantName = "[No Variations]"
Added Component: Designator=C23(C1206)
Add component (AddParameter): Name = "Design Item ID"; Value = "CL31B106KLHNNNE"; VariantName = "[No Variations]"
Add component (AddParameter): Name = "Made by"; Value = "Brennan Swanton"; VariantName = "[No Variations]"
Add component (AddParameter): Name = "Reviewed by"; Value = "Carter Allen"; VariantName = "[No Variations]"
Add component (AddParameter): Name = "Source"; Value = "Capacitors.SchLib"; VariantName = "[No Variations]"
Add component (AddParameter): Name = "Supplier SKU"; Value = "1276-3103-1-ND"; VariantName = "[No Variations]"
Added Component: Designator=C24(C1206)
Add component (AddParameter): Name = "Design Item ID"; Value = "CL31B105KBHNNNE"; VariantName = "[No Variations]"
Add component (AddParameter): Name = "Made by"; Value = "Brennan Swanton"; VariantName = "[No Variations]"
Add component (AddParameter): Name = "Reviewed by"; Value = "Carter Allen"; VariantName = "[No Variations]"
Add component (AddParameter): Name = "Source"; Value = "Capacitors.SchLib"; VariantName = "[No Variations]"
Add component (AddParameter): Name = "Supplier 1"; Value = "Digi-Key"; VariantName = "[No Variations]"
Add component (AddParameter): Name = "Supplier Part Number 1"; Value = "399-C1206C105K5RAC7800CT-ND"; VariantName = "[No Variations]"
Added Component: Designator=C25(C1206)
Add component (AddParameter): Name = "Design Item ID"; Value = "CL31B105KBHNNNE"; VariantName = "[No Variations]"
Add component (AddParameter): Name = "Made by"; Value = "Brennan Swanton"; VariantName = "[No Variations]"
Add component (AddParameter): Name = "Reviewed by"; Value = "Carter Allen"; VariantName = "[No Variations]"
Add component (AddParameter): Name = "Source"; Value = "Capacitors.SchLib"; VariantName = "[No Variations]"
Add component (AddParameter): Name = "Supplier 1"; Value = "Digi-Key"; VariantName = "[No Variations]"
Add component (AddParameter): Name = "Supplier Part Number 1"; Value = "399-C1206C105K5RAC7800CT-ND"; VariantName = "[No Variations]"
Added Component: Designator=C26(C1206)
Add component (AddParameter): Name = "Design Item ID"; Value = "CL31B106KLHNNNE"; VariantName = "[No Variations]"
Add component (AddParameter): Name = "Made by"; Value = "Brennan Swanton"; VariantName = "[No Variations]"
Add component (AddParameter): Name = "Reviewed by"; Value = "Carter Allen"; VariantName = "[No Variations]"
Add component (AddParameter): Name = "Source"; Value = "Capacitors.SchLib"; VariantName = "[No Variations]"
Add component (AddParameter): Name = "Supplier SKU"; Value = "1276-3103-1-ND"; VariantName = "[No Variations]"
Added Component: Designator=C27(GMC10X7R104J10NT-Footprint-1)
Added Component: Designator=C28(C1206)
Add component (AddParameter): Name = "Design Item ID"; Value = "CL31B225KBHNNNE"; VariantName = "[No Variations]"
Add component (AddParameter): Name = "Source"; Value = "Capacitors.SchLib"; VariantName = "[No Variations]"
Added Component: Designator=C29(C1206)
Add component (AddParameter): Name = "Design Item ID"; Value = "CL31B105KBHNNNE"; VariantName = "[No Variations]"
Add component (AddParameter): Name = "Made by"; Value = "Brennan Swanton"; VariantName = "[No Variations]"
Add component (AddParameter): Name = "Reviewed by"; Value = "Carter Allen"; VariantName = "[No Variations]"
Add component (AddParameter): Name = "Source"; Value = "Capacitors.SchLib"; VariantName = "[No Variations]"
Add component (AddParameter): Name = "Supplier 1"; Value = "Digi-Key"; VariantName = "[No Variations]"
Add component (AddParameter): Name = "Supplier Part Number 1"; Value = "399-C1206C105K5RAC7800CT-ND"; VariantName = "[No Variations]"
Added Component: Designator=C30(GMC10X7R104J10NT-Footprint-1)
Added Component: Designator=C31(GMC10X7R104J10NT-Footprint-1)
Added Component: Designator=C32(GMC10X7R104J10NT-Footprint-1)
Added Component: Designator=D1(350-1556-ND-Footprint-1)
Add component (AddParameter): Name = "Case/Package"; Value = "Radial"; VariantName = "[No Variations]"
Add component (AddParameter): Name = "Color"; Value = "Orange"; VariantName = "[No Variations]"
Add component (AddParameter): Name = "Current Rating"; Value = "25mA"; VariantName = "[No Variations]"
Add component (AddParameter): Name = "Depth"; Value = "3.2mm"; VariantName = "[No Variations]"
Add component (AddParameter): Name = "Diameter"; Value = "2.92mm"; VariantName = "[No Variations]"
Add component (AddParameter): Name = "Dominant Wavelength"; Value = "602nm"; VariantName = "[No Variations]"
Add component (AddParameter): Name = "Forward Current"; Value = "10mA"; VariantName = "[No Variations]"
Add component (AddParameter): Name = "Forward Voltage"; Value = "2.2V"; VariantName = "[No Variations]"
Add component (AddParameter): Name = "Height"; Value = "6mm"; VariantName = "[No Variations]"
Add component (AddParameter): Name = "Lead Free"; Value = "Lead Free"; VariantName = "[No Variations]"
Add component (AddParameter): Name = "Length"; Value = "3.2mm"; VariantName = "[No Variations]"
Add component (AddParameter): Name = "Lens Color"; Value = "Orange"; VariantName = "[No Variations]"
Add component (AddParameter): Name = "Lens Size"; Value = "3mm"; VariantName = "[No Variations]"
Add component (AddParameter): Name = "Lens Style"; Value = "Round,Domed,Diffused"; VariantName = "[No Variations]"
Add component (AddParameter): Name = "Lens Transparency"; Value = "Diffused"; VariantName = "[No Variations]"
Add component (AddParameter): Name = "Luminous Intensity"; Value = "7mcd"; VariantName = "[No Variations]"
Add component (AddParameter): Name = "Made By"; Value = "Elliott Meeks"; VariantName = "[No Variations]"
Add component (AddParameter): Name = "Max Operating Temperature"; Value = "100°C"; VariantName = "[No Variations]"
Add component (AddParameter): Name = "Min Operating Temperature"; Value = "-55°C"; VariantName = "[No Variations]"
Add component (AddParameter): Name = "Mount"; Value = "Through Hole"; VariantName = "[No Variations]"
Add component (AddParameter): Name = "Number of Elements"; Value = "1"; VariantName = "[No Variations]"
Add component (AddParameter): Name = "Number of LEDs"; Value = "1"; VariantName = "[No Variations]"
Add component (AddParameter): Name = "Number of Pins"; Value = "2"; VariantName = "[No Variations]"
Add component (AddParameter): Name = "Packaging"; Value = "Bulk"; VariantName = "[No Variations]"
Add component (AddParameter): Name = "Power Dissipation"; Value = "135mW"; VariantName = "[No Variations]"
Add component (AddParameter): Name = "Radiation Hardening"; Value = "No"; VariantName = "[No Variations]"
Add component (AddParameter): Name = "Reach SVHC Compliant"; Value = "No"; VariantName = "[No Variations]"
Add component (AddParameter): Name = "RoHS Compliant"; Value = "Yes"; VariantName = "[No Variations]"
Add component (AddParameter): Name = "Series"; Value = "521"; VariantName = "[No Variations]"
Add component (AddParameter): Name = "Supplier 1"; Value = "DigiKey"; VariantName = "[No Variations]"
Add component (AddParameter): Name = "Supplier Part Number 1"; Value = "350-1556-ND"; VariantName = "[No Variations]"
Add component (AddParameter): Name = "Test Current"; Value = "10mA"; VariantName = "[No Variations]"
Add component (AddParameter): Name = "Viewing Angle"; Value = "60°"; VariantName = "[No Variations]"
Add component (AddParameter): Name = "Wavelength"; Value = "600nm"; VariantName = "[No Variations]"
Added Component: Designator=D2(Type 3mm)
Add component (AddParameter): Name = "Case/Package"; Value = "Radial"; VariantName = "[No Variations]"
Add component (AddParameter): Name = "Color"; Value = "Blue"; VariantName = "[No Variations]"
Add component (AddParameter): Name = "Dominant Wavelength"; Value = "470nm"; VariantName = "[No Variations]"
Add component (AddParameter): Name = "Forward Current"; Value = "30mA"; VariantName = "[No Variations]"
Add component (AddParameter): Name = "Forward Voltage"; Value = "2.8V"; VariantName = "[No Variations]"
Add component (AddParameter): Name = "Height"; Value = "5.55mm"; VariantName = "[No Variations]"
Add component (AddParameter): Name = "Lens Color"; Value = "Colorless"; VariantName = "[No Variations]"
Add component (AddParameter): Name = "Lens Size"; Value = "3mm"; VariantName = "[No Variations]"
Add component (AddParameter): Name = "Lens Style"; Value = "Round,Domed,Circular"; VariantName = "[No Variations]"
Add component (AddParameter): Name = "Lens Transparency"; Value = "Clear"; VariantName = "[No Variations]"
Add component (AddParameter): Name = "Luminous Intensity"; Value = "3800mcd"; VariantName = "[No Variations]"
Add component (AddParameter): Name = "Max Operating Temperature"; Value = "85°C"; VariantName = "[No Variations]"
Add component (AddParameter): Name = "Min Operating Temperature"; Value = "-40°C"; VariantName = "[No Variations]"
Add component (AddParameter): Name = "Mount"; Value = "Through Hole"; VariantName = "[No Variations]"
Add component (AddParameter): Name = "Reach SVHC Compliant"; Value = "Unknown"; VariantName = "[No Variations]"
Add component (AddParameter): Name = "RoHS Compliant"; Value = "Yes"; VariantName = "[No Variations]"
Add component (AddParameter): Name = "Series"; Value = "WL-TMRW"; VariantName = "[No Variations]"
Add component (AddParameter): Name = "Test Current"; Value = "20mA"; VariantName = "[No Variations]"
Add component (AddParameter): Name = "Viewing Angle"; Value = "30°"; VariantName = "[No Variations]"
Add component (AddParameter): Name = "Wavelength"; Value = "470nm"; VariantName = "[No Variations]"
Added Component: Designator=D3(Type 3mm)
Add component (AddParameter): Name = "Case/Package"; Value = "Radial"; VariantName = "[No Variations]"
Add component (AddParameter): Name = "Color"; Value = "Green"; VariantName = "[No Variations]"
Add component (AddParameter): Name = "Dominant Wavelength"; Value = "570nm"; VariantName = "[No Variations]"
Add component (AddParameter): Name = "Forward Current"; Value = "30mA"; VariantName = "[No Variations]"
Add component (AddParameter): Name = "Forward Voltage"; Value = "2.1V"; VariantName = "[No Variations]"
Add component (AddParameter): Name = "Height"; Value = "5.55mm"; VariantName = "[No Variations]"
Add component (AddParameter): Name = "Lens Color"; Value = "Green"; VariantName = "[No Variations]"
Add component (AddParameter): Name = "Lens Size"; Value = "3mm"; VariantName = "[No Variations]"
Add component (AddParameter): Name = "Lens Style"; Value = "Round,Domed,Circular"; VariantName = "[No Variations]"
Add component (AddParameter): Name = "Lens Transparency"; Value = "Diffused"; VariantName = "[No Variations]"
Add component (AddParameter): Name = "Luminous Intensity"; Value = "120mcd"; VariantName = "[No Variations]"
Add component (AddParameter): Name = "Made By"; Value = "Adam Lewczuk"; VariantName = "[No Variations]"
Add component (AddParameter): Name = "Max Operating Temperature"; Value = "85°C"; VariantName = "[No Variations]"
Add component (AddParameter): Name = "Min Operating Temperature"; Value = "-40°C"; VariantName = "[No Variations]"
Add component (AddParameter): Name = "Mount"; Value = "Through Hole"; VariantName = "[No Variations]"
Add component (AddParameter): Name = "Package Quantity"; Value = "1"; VariantName = "[No Variations]"
Add component (AddParameter): Name = "Packaging"; Value = "Bulk"; VariantName = "[No Variations]"
Add component (AddParameter): Name = "RoHS Compliant"; Value = "Yes"; VariantName = "[No Variations]"
Add component (AddParameter): Name = "Series"; Value = "WL-TMRC"; VariantName = "[No Variations]"
Add component (AddParameter): Name = "Test Current"; Value = "20mA"; VariantName = "[No Variations]"
Add component (AddParameter): Name = "Viewing Angle"; Value = "40°"; VariantName = "[No Variations]"
Add component (AddParameter): Name = "Wavelength"; Value = "570nm"; VariantName = "[No Variations]"
Added Component: Designator=D4(LEDC1206)
Add component (AddParameter): Name = "Design Item ID"; Value = "HSMS-C150"; VariantName = "[No Variations]"
Add component (AddParameter): Name = "Made By"; Value = "Brennan Swanton"; VariantName = "[No Variations]"
Add component (AddParameter): Name = "Reviewed By"; Value = "Jamie Smith"; VariantName = "[No Variations]"
Add component (AddParameter): Name = "Source"; Value = "Diodes.SchLib"; VariantName = "[No Variations]"
Added Component: Designator=D5(LEDC1206)
Add component (AddParameter): Name = "Design Item ID"; Value = "HSMS-C150"; VariantName = "[No Variations]"
Add component (AddParameter): Name = "Made By"; Value = "Brennan Swanton"; VariantName = "[No Variations]"
Add component (AddParameter): Name = "Reviewed By"; Value = "Jamie Smith"; VariantName = "[No Variations]"
Add component (AddParameter): Name = "Source"; Value = "Diodes.SchLib"; VariantName = "[No Variations]"
Added Component: Designator=D6(LEDC1206)
Add component (AddParameter): Name = "Design Item ID"; Value = "HSMS-C150"; VariantName = "[No Variations]"
Add component (AddParameter): Name = "Made By"; Value = "Brennan Swanton"; VariantName = "[No Variations]"
Add component (AddParameter): Name = "Reviewed By"; Value = "Jamie Smith"; VariantName = "[No Variations]"
Add component (AddParameter): Name = "Source"; Value = "Diodes.SchLib"; VariantName = "[No Variations]"
Added Component: Designator=D7(New footprint 1)
Added Component: Designator=DNP(R0603)
Add component (AddParameter): Name = "Design Item ID"; Value = "ERJ-3EKF1001V"; VariantName = "[No Variations]"
Add component (AddParameter): Name = "Made By"; Value = "Brennan Swanton"; VariantName = "[No Variations]"
Add component (AddParameter): Name = "Reviewed By"; Value = "Carter Allen"; VariantName = "[No Variations]"
Add component (AddParameter): Name = "Source"; Value = "Resistors.SchLib"; VariantName = "[No Variations]"
Added Component: Designator=J1(FP-SBH11-NBPC-D03-ST-BK-MFG)
Add component (AddParameter): Name = "Color"; Value = "Black"; VariantName = "[No Variations]"
Add component (AddParameter): Name = "Connector Type"; Value = "Male Pin"; VariantName = "[No Variations]"
Add component (AddParameter): Name = "Contact Material"; Value = "Gold, Nickel"; VariantName = "[No Variations]"
Add component (AddParameter): Name = "Contact Plating"; Value = "Gold"; VariantName = "[No Variations]"
Add component (AddParameter): Name = "Current Rating"; Value = "3A"; VariantName = "[No Variations]"
Add component (AddParameter): Name = "Height"; Value = "9.3mm"; VariantName = "[No Variations]"
Add component (AddParameter): Name = "Max Operating Temperature"; Value = "105°C"; VariantName = "[No Variations]"
Add component (AddParameter): Name = "Min Operating Temperature"; Value = "-40°C"; VariantName = "[No Variations]"
Add component (AddParameter): Name = "Mount"; Value = "Through Hole"; VariantName = "[No Variations]"
Add component (AddParameter): Name = "NexarPartId"; Value = "33729071"; VariantName = "[No Variations]"
Add component (AddParameter): Name = "Number of Contacts"; Value = "6"; VariantName = "[No Variations]"
Add component (AddParameter): Name = "Number of Positions"; Value = "6"; VariantName = "[No Variations]"
Add component (AddParameter): Name = "Number of Rows"; Value = "2"; VariantName = "[No Variations]"
Add component (AddParameter): Name = "Pitch"; Value = "2.54mm"; VariantName = "[No Variations]"
Add component (AddParameter): Name = "RoHS"; Value = "Compliant"; VariantName = "[No Variations]"
Add component (AddParameter): Name = "Row Spacing"; Value = "2.54mm"; VariantName = "[No Variations]"
Add component (AddParameter): Name = "Termination"; Value = "Solder"; VariantName = "[No Variations]"
Added Component: Designator=J2(1945151-Footprint-1)
Add component (AddParameter): Name = "Current Rating"; Value = "8A"; VariantName = "[No Variations]"
Add component (AddParameter): Name = "Fastening Method"; Value = "SOLDER"; VariantName = "[No Variations]"
Add component (AddParameter): Name = "Mount"; Value = "Board"; VariantName = "[No Variations]"
Add component (AddParameter): Name = "Number of Decks"; Value = "1"; VariantName = "[No Variations]"
Add component (AddParameter): Name = "Number of Rows"; Value = "1"; VariantName = "[No Variations]"
Add component (AddParameter): Name = "Number of Ways"; Value = "8"; VariantName = "[No Variations]"
Add component (AddParameter): Name = "Reach SVHC Compliant"; Value = "Yes"; VariantName = "[No Variations]"
Add component (AddParameter): Name = "RoHS Compliant"; Value = "Yes"; VariantName = "[No Variations]"
Add component (AddParameter): Name = "Safety Approval"; Value = "UL"; VariantName = "[No Variations]"
Add component (AddParameter): Name = "Terminal and Terminal Block Type"; Value = "STRIP TERMINAL BLOCK"; VariantName = "[No Variations]"
Add component (AddParameter): Name = "Voltage Rating"; Value = "160V"; VariantName = "[No Variations]"
Added Component: Designator=J3(1945151-Footprint-1)
Add component (AddParameter): Name = "Current Rating"; Value = "8A"; VariantName = "[No Variations]"
Add component (AddParameter): Name = "Fastening Method"; Value = "SOLDER"; VariantName = "[No Variations]"
Add component (AddParameter): Name = "Mount"; Value = "Board"; VariantName = "[No Variations]"
Add component (AddParameter): Name = "Number of Decks"; Value = "1"; VariantName = "[No Variations]"
Add component (AddParameter): Name = "Number of Rows"; Value = "1"; VariantName = "[No Variations]"
Add component (AddParameter): Name = "Number of Ways"; Value = "8"; VariantName = "[No Variations]"
Add component (AddParameter): Name = "Reach SVHC Compliant"; Value = "Yes"; VariantName = "[No Variations]"
Add component (AddParameter): Name = "RoHS Compliant"; Value = "Yes"; VariantName = "[No Variations]"
Add component (AddParameter): Name = "Safety Approval"; Value = "UL"; VariantName = "[No Variations]"
Add component (AddParameter): Name = "Terminal and Terminal Block Type"; Value = "STRIP TERMINAL BLOCK"; VariantName = "[No Variations]"
Add component (AddParameter): Name = "Voltage Rating"; Value = "160V"; VariantName = "[No Variations]"
Added Component: Designator=J4(TE_282837-2)
Added Component: Designator=J5(632723100011)
Add component (AddParameter): Name = "Connector Type"; Value = "USB"; VariantName = "[No Variations]"
Add component (AddParameter): Name = "Contact Material"; Value = "Gold, Nickel"; VariantName = "[No Variations]"
Add component (AddParameter): Name = "Contact Resistance"; Value = "30mO"; VariantName = "[No Variations]"
Add component (AddParameter): Name = "Current Rating"; Value = "5A"; VariantName = "[No Variations]"
Add component (AddParameter): Name = "Gender"; Value = "Receptacle"; VariantName = "[No Variations]"
Add component (AddParameter): Name = "Height"; Value = "3.16mm"; VariantName = "[No Variations]"
Add component (AddParameter): Name = "Insulation Resistance"; Value = "1GO"; VariantName = "[No Variations]"
Add component (AddParameter): Name = "Max Operating Temperature"; Value = "105°C"; VariantName = "[No Variations]"
Add component (AddParameter): Name = "Min Operating Temperature"; Value = "-40°C"; VariantName = "[No Variations]"
Add component (AddParameter): Name = "Mount"; Value = "Surface Mount, Through Hole"; VariantName = "[No Variations]"
Add component (AddParameter): Name = "NexarPartId"; Value = "68112674"; VariantName = "[No Variations]"
Add component (AddParameter): Name = "Number of Contacts"; Value = "24"; VariantName = "[No Variations]"
Add component (AddParameter): Name = "Number of Pins"; Value = "24"; VariantName = "[No Variations]"
Add component (AddParameter): Name = "Orientation"; Value = "Horizontal"; VariantName = "[No Variations]"
Add component (AddParameter): Name = "Packaging"; Value = "Tape and Reel"; VariantName = "[No Variations]"
Add component (AddParameter): Name = "Pin Length"; Value = "1.5mm"; VariantName = "[No Variations]"
Add component (AddParameter): Name = "RoHS"; Value = "Compliant"; VariantName = "[No Variations]"
Add component (AddParameter): Name = "USB Standard"; Value = "USB 3.1"; VariantName = "[No Variations]"
Add component (AddParameter): Name = "Voltage Rating"; Value = "20V"; VariantName = "[No Variations]"
Added Component: Designator=J6(TE_282837-2)
Added Component: Designator=L1(IHLP2020CZER4R7M11)
Add component (AddParameter): Name = "Design Item ID"; Value = "IHLP2020CZER4R7M11"; VariantName = "[No Variations]"
Add component (AddParameter): Name = "Made By"; Value = "Diego Gomez Ruiz"; VariantName = "[No Variations]"
Add component (AddParameter): Name = "Reviewed By"; Value = ""; VariantName = "[No Variations]"
Add component (AddParameter): Name = "Source"; Value = "Inductors.SchLib"; VariantName = "[No Variations]"
Added Component: Designator=L3(IHLP2020CZER4R7M11)
Add component (AddParameter): Name = "Design Item ID"; Value = "IHLP2020CZER4R7M11"; VariantName = "[No Variations]"
Add component (AddParameter): Name = "Made By"; Value = "Diego Gomez Ruiz"; VariantName = "[No Variations]"
Add component (AddParameter): Name = "Reviewed By"; Value = ""; VariantName = "[No Variations]"
Add component (AddParameter): Name = "Source"; Value = "Inductors.SchLib"; VariantName = "[No Variations]"
Added Component: Designator=Q1(SOT23)
Add component (AddParameter): Name = "Bin"; Value = ""; VariantName = "[No Variations]"
Add component (AddParameter): Name = "Container"; Value = ""; VariantName = "[No Variations]"
Add component (AddParameter): Name = "Design Item ID"; Value = "BSS84"; VariantName = "[No Variations]"
Add component (AddParameter): Name = "Made by"; Value = "Brennan Swanton"; VariantName = "[No Variations]"
Add component (AddParameter): Name = "Quantity"; Value = ""; VariantName = "[No Variations]"
Add component (AddParameter): Name = "Reviewed by"; Value = ""; VariantName = "[No Variations]"
Add component (AddParameter): Name = "Source"; Value = "Transistors.SchLib"; VariantName = "[No Variations]"
Added Component: Designator=Q2(SOT23)
Add component (AddParameter): Name = "Bin"; Value = ""; VariantName = "[No Variations]"
Add component (AddParameter): Name = "Container"; Value = ""; VariantName = "[No Variations]"
Add component (AddParameter): Name = "Design Item ID"; Value = "BSS84"; VariantName = "[No Variations]"
Add component (AddParameter): Name = "Made by"; Value = "Brennan Swanton"; VariantName = "[No Variations]"
Add component (AddParameter): Name = "Quantity"; Value = ""; VariantName = "[No Variations]"
Add component (AddParameter): Name = "Reviewed by"; Value = ""; VariantName = "[No Variations]"
Add component (AddParameter): Name = "Source"; Value = "Transistors.SchLib"; VariantName = "[No Variations]"
Added Component: Designator=Q3(SOT23)
Add component (AddParameter): Name = "Bin"; Value = ""; VariantName = "[No Variations]"
Add component (AddParameter): Name = "Container"; Value = ""; VariantName = "[No Variations]"
Add component (AddParameter): Name = "Design Item ID"; Value = "BSS84"; VariantName = "[No Variations]"
Add component (AddParameter): Name = "Made by"; Value = "Brennan Swanton"; VariantName = "[No Variations]"
Add component (AddParameter): Name = "Quantity"; Value = ""; VariantName = "[No Variations]"
Add component (AddParameter): Name = "Reviewed by"; Value = ""; VariantName = "[No Variations]"
Add component (AddParameter): Name = "Source"; Value = "Transistors.SchLib"; VariantName = "[No Variations]"
Added Component: Designator=Q4(2N7002)
Add component (AddParameter): Name = "Design Item ID"; Value = "2N7002"; VariantName = "[No Variations]"
Add component (AddParameter): Name = "Made by"; Value = "Kyle Marino"; VariantName = "[No Variations]"
Add component (AddParameter): Name = "Source"; Value = "Transistors.SchLib"; VariantName = "[No Variations]"
Added Component: Designator=Q5(2N7002)
Add component (AddParameter): Name = "Design Item ID"; Value = "2N7002"; VariantName = "[No Variations]"
Add component (AddParameter): Name = "Made by"; Value = "Kyle Marino"; VariantName = "[No Variations]"
Add component (AddParameter): Name = "Source"; Value = "Transistors.SchLib"; VariantName = "[No Variations]"
Added Component: Designator=Q6(DIO_RB558WMF_ROM)
Add component (AddParameter): Name = "Copyright"; Value = "Copyright (C) 2024 Ultra Librarian. All rights reserved."; VariantName = "[No Variations]"
Add component (AddParameter): Name = "Manufacturer_Part_Number"; Value = "RE1C002UNTCL"; VariantName = "[No Variations]"
Add component (AddParameter): Name = "Mfr_Name"; Value = "ROHM Semiconductor"; VariantName = "[No Variations]"
Add component (AddParameter): Name = "RefDes"; Value = "RefDes"; VariantName = "[No Variations]"
Add component (AddParameter): Name = "Type"; Value = "DEV"; VariantName = "[No Variations]"
Added Component: Designator=Q7(DIO_RB558WMF_ROM)
Add component (AddParameter): Name = "Copyright"; Value = "Copyright (C) 2024 Ultra Librarian. All rights reserved."; VariantName = "[No Variations]"
Add component (AddParameter): Name = "Manufacturer_Part_Number"; Value = "RE1C002UNTCL"; VariantName = "[No Variations]"
Add component (AddParameter): Name = "Mfr_Name"; Value = "ROHM Semiconductor"; VariantName = "[No Variations]"
Add component (AddParameter): Name = "RefDes"; Value = "RefDes"; VariantName = "[No Variations]"
Add component (AddParameter): Name = "Type"; Value = "DEV"; VariantName = "[No Variations]"
Added Component: Designator=Q8(DIO_RB558WMF_ROM)
Add component (AddParameter): Name = "Copyright"; Value = "Copyright (C) 2024 Ultra Librarian. All rights reserved."; VariantName = "[No Variations]"
Add component (AddParameter): Name = "Manufacturer_Part_Number"; Value = "RE1C002UNTCL"; VariantName = "[No Variations]"
Add component (AddParameter): Name = "Mfr_Name"; Value = "ROHM Semiconductor"; VariantName = "[No Variations]"
Add component (AddParameter): Name = "RefDes"; Value = "RefDes"; VariantName = "[No Variations]"
Add component (AddParameter): Name = "Type"; Value = "DEV"; VariantName = "[No Variations]"
Added Component: Designator=R1_B1(R1206)
Add component (AddParameter): Name = "Design Item ID"; Value = "ERJ-8ENF1002V"; VariantName = "[No Variations]"
Add component (AddParameter): Name = "Made By"; Value = "Brennan Swanton"; VariantName = "[No Variations]"
Add component (AddParameter): Name = "Reviewed By"; Value = "Carter Allen"; VariantName = "[No Variations]"
Add component (AddParameter): Name = "Source"; Value = "Resistors.SchLib"; VariantName = "[No Variations]"
Add component (AddParameter): Name = "Supplier 1"; Value = "Digi-Key"; VariantName = "[No Variations]"
Add component (AddParameter): Name = "Supplier Part Number 1"; Value = "541-2247-1-ND"; VariantName = "[No Variations]"
Added Component: Designator=R1_B2(R1206)
Add component (AddParameter): Name = "Design Item ID"; Value = "ERJ-8ENF1002V"; VariantName = "[No Variations]"
Add component (AddParameter): Name = "Made By"; Value = "Brennan Swanton"; VariantName = "[No Variations]"
Add component (AddParameter): Name = "Reviewed By"; Value = "Carter Allen"; VariantName = "[No Variations]"
Add component (AddParameter): Name = "Source"; Value = "Resistors.SchLib"; VariantName = "[No Variations]"
Add component (AddParameter): Name = "Supplier 1"; Value = "Digi-Key"; VariantName = "[No Variations]"
Add component (AddParameter): Name = "Supplier Part Number 1"; Value = "541-2247-1-ND"; VariantName = "[No Variations]"
Added Component: Designator=R1_B3(R1206)
Add component (AddParameter): Name = "Design Item ID"; Value = "ERJ-8ENF1002V"; VariantName = "[No Variations]"
Add component (AddParameter): Name = "Made By"; Value = "Brennan Swanton"; VariantName = "[No Variations]"
Add component (AddParameter): Name = "Reviewed By"; Value = "Carter Allen"; VariantName = "[No Variations]"
Add component (AddParameter): Name = "Source"; Value = "Resistors.SchLib"; VariantName = "[No Variations]"
Add component (AddParameter): Name = "Supplier 1"; Value = "Digi-Key"; VariantName = "[No Variations]"
Add component (AddParameter): Name = "Supplier Part Number 1"; Value = "541-2247-1-ND"; VariantName = "[No Variations]"
Added Component: Designator=R2_B1(R1206)
Add component (AddParameter): Name = "Design Item ID"; Value = "ERJ-8ENF1002V"; VariantName = "[No Variations]"
Add component (AddParameter): Name = "Made By"; Value = "Brennan Swanton"; VariantName = "[No Variations]"
Add component (AddParameter): Name = "Reviewed By"; Value = "Carter Allen"; VariantName = "[No Variations]"
Add component (AddParameter): Name = "Source"; Value = "Resistors.SchLib"; VariantName = "[No Variations]"
Add component (AddParameter): Name = "Supplier 1"; Value = "Digi-Key"; VariantName = "[No Variations]"
Add component (AddParameter): Name = "Supplier Part Number 1"; Value = "541-2247-1-ND"; VariantName = "[No Variations]"
Added Component: Designator=R2_B2(R1206)
Add component (AddParameter): Name = "Design Item ID"; Value = "ERJ-8ENF1002V"; VariantName = "[No Variations]"
Add component (AddParameter): Name = "Made By"; Value = "Brennan Swanton"; VariantName = "[No Variations]"
Add component (AddParameter): Name = "Reviewed By"; Value = "Carter Allen"; VariantName = "[No Variations]"
Add component (AddParameter): Name = "Source"; Value = "Resistors.SchLib"; VariantName = "[No Variations]"
Add component (AddParameter): Name = "Supplier 1"; Value = "Digi-Key"; VariantName = "[No Variations]"
Add component (AddParameter): Name = "Supplier Part Number 1"; Value = "541-2247-1-ND"; VariantName = "[No Variations]"
Added Component: Designator=R2_B3(R1206)
Add component (AddParameter): Name = "Design Item ID"; Value = "ERJ-8ENF1002V"; VariantName = "[No Variations]"
Add component (AddParameter): Name = "Made By"; Value = "Brennan Swanton"; VariantName = "[No Variations]"
Add component (AddParameter): Name = "Reviewed By"; Value = "Carter Allen"; VariantName = "[No Variations]"
Add component (AddParameter): Name = "Source"; Value = "Resistors.SchLib"; VariantName = "[No Variations]"
Add component (AddParameter): Name = "Supplier 1"; Value = "Digi-Key"; VariantName = "[No Variations]"
Add component (AddParameter): Name = "Supplier Part Number 1"; Value = "541-2247-1-ND"; VariantName = "[No Variations]"
Added Component: Designator=R3(R1206)
Add component (AddParameter): Name = "Design Item ID"; Value = "ERJ-8ENF1200V"; VariantName = "[No Variations]"
Add component (AddParameter): Name = "Made By"; Value = "Brennan Swanton"; VariantName = "[No Variations]"
Add component (AddParameter): Name = "Reviewed By"; Value = "Carter Allen"; VariantName = "[No Variations]"
Add component (AddParameter): Name = "Source"; Value = "Resistors.SchLib"; VariantName = "[No Variations]"
Added Component: Designator=R4(R1206)
Add component (AddParameter): Name = "Design Item ID"; Value = "ERJ-8ENF22R0V"; VariantName = "[No Variations]"
Add component (AddParameter): Name = "Made By"; Value = "Brennan Swanton"; VariantName = "[No Variations]"
Add component (AddParameter): Name = "Reviewed By"; Value = "Carter Allen"; VariantName = "[No Variations]"
Add component (AddParameter): Name = "Source"; Value = "Resistors.SchLib"; VariantName = "[No Variations]"
Added Component: Designator=R5(R1206)
Add component (AddParameter): Name = "Design Item ID"; Value = "ERJ-8ENF51R0V"; VariantName = "[No Variations]"
Add component (AddParameter): Name = "Made By"; Value = "Jamie Smith"; VariantName = "[No Variations]"
Add component (AddParameter): Name = "Source"; Value = "Resistors.SchLib"; VariantName = "[No Variations]"
Added Component: Designator=R6(R1206)
Add component (AddParameter): Name = "Design Item ID"; Value = "ERJ-8ENF1002V"; VariantName = "[No Variations]"
Add component (AddParameter): Name = "Made By"; Value = "Brennan Swanton"; VariantName = "[No Variations]"
Add component (AddParameter): Name = "Reviewed By"; Value = "Carter Allen"; VariantName = "[No Variations]"
Add component (AddParameter): Name = "Source"; Value = "Resistors.SchLib"; VariantName = "[No Variations]"
Add component (AddParameter): Name = "Supplier 1"; Value = "Digi-Key"; VariantName = "[No Variations]"
Add component (AddParameter): Name = "Supplier Part Number 1"; Value = "541-2247-1-ND"; VariantName = "[No Variations]"
Added Component: Designator=R7(R1206)
Add component (AddParameter): Name = "Design Item ID"; Value = "ERJ-8ENF1002V"; VariantName = "[No Variations]"
Add component (AddParameter): Name = "Made By"; Value = "Brennan Swanton"; VariantName = "[No Variations]"
Add component (AddParameter): Name = "Reviewed By"; Value = "Carter Allen"; VariantName = "[No Variations]"
Add component (AddParameter): Name = "Source"; Value = "Resistors.SchLib"; VariantName = "[No Variations]"
Add component (AddParameter): Name = "Supplier 1"; Value = "Digi-Key"; VariantName = "[No Variations]"
Add component (AddParameter): Name = "Supplier Part Number 1"; Value = "541-2247-1-ND"; VariantName = "[No Variations]"
Added Component: Designator=R8(R1206)
Add component (AddParameter): Name = "Design Item ID"; Value = "ERA-8AHD300V"; VariantName = "[No Variations]"
Add component (AddParameter): Name = "Made By"; Value = "Jamie Smith"; VariantName = "[No Variations]"
Add component (AddParameter): Name = "Reviewed By"; Value = "Raphael Navarro"; VariantName = "[No Variations]"
Add component (AddParameter): Name = "Source"; Value = "Resistors.SchLib"; VariantName = "[No Variations]"
Added Component: Designator=R9(R0603)
Add component (AddParameter): Name = "Design Item ID"; Value = "CRCW060330K9FKEA"; VariantName = "[No Variations]"
Add component (AddParameter): Name = "Source"; Value = "Resistors.SchLib"; VariantName = "[No Variations]"
Added Component: Designator=R10(PCBComponent_1)
Added Component: Designator=R11(R1206)
Add component (AddParameter): Name = "Design Item ID"; Value = "ERA-8AHD300V"; VariantName = "[No Variations]"
Add component (AddParameter): Name = "Made By"; Value = "Jamie Smith"; VariantName = "[No Variations]"
Add component (AddParameter): Name = "Reviewed By"; Value = "Raphael Navarro"; VariantName = "[No Variations]"
Add component (AddParameter): Name = "Source"; Value = "Resistors.SchLib"; VariantName = "[No Variations]"
Added Component: Designator=R12(R1206)
Add component (AddParameter): Name = "Design Item ID"; Value = "ERA-8AEB5232V"; VariantName = "[No Variations]"
Add component (AddParameter): Name = "Made By"; Value = "Raphael Navarro"; VariantName = "[No Variations]"
Add component (AddParameter): Name = "Reviewed By"; Value = "Jamie Smith"; VariantName = "[No Variations]"
Add component (AddParameter): Name = "Source"; Value = "Resistors.SchLib"; VariantName = "[No Variations]"
Added Component: Designator=R13(R1206)
Add component (AddParameter): Name = "Design Item ID"; Value = "ERJ-8ENF1002V"; VariantName = "[No Variations]"
Add component (AddParameter): Name = "Made By"; Value = "Brennan Swanton"; VariantName = "[No Variations]"
Add component (AddParameter): Name = "Reviewed By"; Value = "Carter Allen"; VariantName = "[No Variations]"
Add component (AddParameter): Name = "Source"; Value = "Resistors.SchLib"; VariantName = "[No Variations]"
Add component (AddParameter): Name = "Supplier 1"; Value = "Digi-Key"; VariantName = "[No Variations]"
Add component (AddParameter): Name = "Supplier Part Number 1"; Value = "541-2247-1-ND"; VariantName = "[No Variations]"
Added Component: Designator=R14(R1206)
Add component (AddParameter): Name = "Design Item ID"; Value = "ERJ-8ENF1002V"; VariantName = "[No Variations]"
Add component (AddParameter): Name = "Made By"; Value = "Brennan Swanton"; VariantName = "[No Variations]"
Add component (AddParameter): Name = "Reviewed By"; Value = "Carter Allen"; VariantName = "[No Variations]"
Add component (AddParameter): Name = "Source"; Value = "Resistors.SchLib"; VariantName = "[No Variations]"
Add component (AddParameter): Name = "Supplier 1"; Value = "Digi-Key"; VariantName = "[No Variations]"
Add component (AddParameter): Name = "Supplier Part Number 1"; Value = "541-2247-1-ND"; VariantName = "[No Variations]"
Added Component: Designator=R15(PCBComponent_1)
Added Component: Designator=R16(PCBComponent_1)
Added Component: Designator=R17(R1206)
Add component (AddParameter): Name = "Design Item ID"; Value = "ERA-8AEB103V"; VariantName = "[No Variations]"
Add component (AddParameter): Name = "Made By"; Value = "Rita Yang"; VariantName = "[No Variations]"
Add component (AddParameter): Name = "Source"; Value = "Resistors.SchLib"; VariantName = "[No Variations]"
Added Component: Designator=R18(R1206)
Add component (AddParameter): Name = "Design Item ID"; Value = "ERJ-8ENF1002V"; VariantName = "[No Variations]"
Add component (AddParameter): Name = "Made By"; Value = "Brennan Swanton"; VariantName = "[No Variations]"
Add component (AddParameter): Name = "Reviewed By"; Value = "Carter Allen"; VariantName = "[No Variations]"
Add component (AddParameter): Name = "Source"; Value = "Resistors.SchLib"; VariantName = "[No Variations]"
Add component (AddParameter): Name = "Supplier 1"; Value = "Digi-Key"; VariantName = "[No Variations]"
Add component (AddParameter): Name = "Supplier Part Number 1"; Value = "541-2247-1-ND"; VariantName = "[No Variations]"
Added Component: Designator=R19(R1206)
Add component (AddParameter): Name = "Design Item ID"; Value = "ERJ-8ENF1002V"; VariantName = "[No Variations]"
Add component (AddParameter): Name = "Made By"; Value = "Brennan Swanton"; VariantName = "[No Variations]"
Add component (AddParameter): Name = "Reviewed By"; Value = "Carter Allen"; VariantName = "[No Variations]"
Add component (AddParameter): Name = "Source"; Value = "Resistors.SchLib"; VariantName = "[No Variations]"
Add component (AddParameter): Name = "Supplier 1"; Value = "Digi-Key"; VariantName = "[No Variations]"
Add component (AddParameter): Name = "Supplier Part Number 1"; Value = "541-2247-1-ND"; VariantName = "[No Variations]"
Added Component: Designator=R20(R1206)
Add component (AddParameter): Name = "Design Item ID"; Value = "ERJ-8ENF4700V"; VariantName = "[No Variations]"
Add component (AddParameter): Name = "Made By"; Value = "Jamie Smith"; VariantName = "[No Variations]"
Add component (AddParameter): Name = "Source"; Value = "Resistors.SchLib"; VariantName = "[No Variations]"
Add component (AddParameter): Name = "Supplier 1"; Value = "Digi-Key"; VariantName = "[No Variations]"
Add component (AddParameter): Name = "Supplier Part Number 1"; Value = "P470FCT-ND"; VariantName = "[No Variations]"
Added Component: Designator=R21(R1206)
Add component (AddParameter): Name = "Design Item ID"; Value = "ERJ-8ENF4700V"; VariantName = "[No Variations]"
Add component (AddParameter): Name = "Made By"; Value = "Jamie Smith"; VariantName = "[No Variations]"
Add component (AddParameter): Name = "Source"; Value = "Resistors.SchLib"; VariantName = "[No Variations]"
Add component (AddParameter): Name = "Supplier 1"; Value = "Digi-Key"; VariantName = "[No Variations]"
Add component (AddParameter): Name = "Supplier Part Number 1"; Value = "P470FCT-ND"; VariantName = "[No Variations]"
Added Component: Designator=R22(PCBComponent_1)
Added Component: Designator=R23(R1206)
Add component (AddParameter): Name = "Design Item ID"; Value = "ERJ-8ENF3300V"; VariantName = "[No Variations]"
Add component (AddParameter): Name = "Made By"; Value = "Brennan Swanton"; VariantName = "[No Variations]"
Add component (AddParameter): Name = "Reviewed By"; Value = "Carter Allen"; VariantName = "[No Variations]"
Add component (AddParameter): Name = "Source"; Value = "Resistors.SchLib"; VariantName = "[No Variations]"
Add component (AddParameter): Name = "Supplier 1"; Value = "Digi-Key"; VariantName = "[No Variations]"
Add component (AddParameter): Name = "Supplier Part Number 1"; Value = "P330FCT-ND"; VariantName = "[No Variations]"
Added Component: Designator=R24(R1206)
Add component (AddParameter): Name = "Design Item ID"; Value = "ERJ-8ENF1200V"; VariantName = "[No Variations]"
Add component (AddParameter): Name = "Made By"; Value = "Brennan Swanton"; VariantName = "[No Variations]"
Add component (AddParameter): Name = "Reviewed By"; Value = "Carter Allen"; VariantName = "[No Variations]"
Add component (AddParameter): Name = "Source"; Value = "Resistors.SchLib"; VariantName = "[No Variations]"
Added Component: Designator=R25(R1206)
Add component (AddParameter): Name = "Design Item ID"; Value = "ERJ-8ENF51R0V"; VariantName = "[No Variations]"
Add component (AddParameter): Name = "Made By"; Value = "Jamie Smith"; VariantName = "[No Variations]"
Add component (AddParameter): Name = "Source"; Value = "Resistors.SchLib"; VariantName = "[No Variations]"
Added Component: Designator=R26(R1206)
Add component (AddParameter): Name = "Design Item ID"; Value = "ERJ-8ENF1002V"; VariantName = "[No Variations]"
Add component (AddParameter): Name = "Made By"; Value = "Brennan Swanton"; VariantName = "[No Variations]"
Add component (AddParameter): Name = "Reviewed By"; Value = "Carter Allen"; VariantName = "[No Variations]"
Add component (AddParameter): Name = "Source"; Value = "Resistors.SchLib"; VariantName = "[No Variations]"
Add component (AddParameter): Name = "Supplier 1"; Value = "Digi-Key"; VariantName = "[No Variations]"
Add component (AddParameter): Name = "Supplier Part Number 1"; Value = "541-2247-1-ND"; VariantName = "[No Variations]"
Added Component: Designator=R28(R1206)
Add component (AddParameter): Name = "Design Item ID"; Value = "ERJ-8ENF1002V"; VariantName = "[No Variations]"
Add component (AddParameter): Name = "Made By"; Value = "Brennan Swanton"; VariantName = "[No Variations]"
Add component (AddParameter): Name = "Reviewed By"; Value = "Carter Allen"; VariantName = "[No Variations]"
Add component (AddParameter): Name = "Source"; Value = "Resistors.SchLib"; VariantName = "[No Variations]"
Add component (AddParameter): Name = "Supplier 1"; Value = "Digi-Key"; VariantName = "[No Variations]"
Add component (AddParameter): Name = "Supplier Part Number 1"; Value = "541-2247-1-ND"; VariantName = "[No Variations]"
Added Component: Designator=R29(R1206)
Add component (AddParameter): Name = "Design Item ID"; Value = "ERJ-8ENF1002V"; VariantName = "[No Variations]"
Add component (AddParameter): Name = "Made By"; Value = "Brennan Swanton"; VariantName = "[No Variations]"
Add component (AddParameter): Name = "Reviewed By"; Value = "Carter Allen"; VariantName = "[No Variations]"
Add component (AddParameter): Name = "Source"; Value = "Resistors.SchLib"; VariantName = "[No Variations]"
Add component (AddParameter): Name = "Supplier 1"; Value = "Digi-Key"; VariantName = "[No Variations]"
Add component (AddParameter): Name = "Supplier Part Number 1"; Value = "541-2247-1-ND"; VariantName = "[No Variations]"
Added Component: Designator=R31(R1206)
Add component (AddParameter): Name = "Design Item ID"; Value = "ERJ-8ENF1002V"; VariantName = "[No Variations]"
Add component (AddParameter): Name = "Made By"; Value = "Brennan Swanton"; VariantName = "[No Variations]"
Add component (AddParameter): Name = "Reviewed By"; Value = "Carter Allen"; VariantName = "[No Variations]"
Add component (AddParameter): Name = "Source"; Value = "Resistors.SchLib"; VariantName = "[No Variations]"
Add component (AddParameter): Name = "Supplier 1"; Value = "Digi-Key"; VariantName = "[No Variations]"
Add component (AddParameter): Name = "Supplier Part Number 1"; Value = "541-2247-1-ND"; VariantName = "[No Variations]"
Added Component: Designator=S1_B1(PTS645SK13SMTR92LFS-Footprint-1)
Add component (AddParameter): Name = "Design Item ID"; Value = "PTS645SK13SMTR92LFS"; VariantName = "[No Variations]"
Add component (AddParameter): Name = "Made By"; Value = "Victor"; VariantName = "[No Variations]"
Add component (AddParameter): Name = "Manufacturer"; Value = "Digi-Key"; VariantName = "[No Variations]"
Add component (AddParameter): Name = "Supplier Part Number"; Value = "CKN10817CT-ND"; VariantName = "[No Variations]"
Added Component: Designator=S1_B2(PTS645SK13SMTR92LFS-Footprint-1)
Add component (AddParameter): Name = "Design Item ID"; Value = "PTS645SK13SMTR92LFS"; VariantName = "[No Variations]"
Add component (AddParameter): Name = "Made By"; Value = "Victor"; VariantName = "[No Variations]"
Add component (AddParameter): Name = "Manufacturer"; Value = "Digi-Key"; VariantName = "[No Variations]"
Add component (AddParameter): Name = "Supplier Part Number"; Value = "CKN10817CT-ND"; VariantName = "[No Variations]"
Added Component: Designator=S1_B3(PTS645SK13SMTR92LFS-Footprint-1)
Add component (AddParameter): Name = "Design Item ID"; Value = "PTS645SK13SMTR92LFS"; VariantName = "[No Variations]"
Add component (AddParameter): Name = "Made By"; Value = "Victor"; VariantName = "[No Variations]"
Add component (AddParameter): Name = "Manufacturer"; Value = "Digi-Key"; VariantName = "[No Variations]"
Add component (AddParameter): Name = "Supplier Part Number"; Value = "CKN10817CT-ND"; VariantName = "[No Variations]"
Added Component: Designator=U1(ATML-32A_L)
Add component (AddParameter): Name = "Datasheet URL"; Value = "http://ww1.microchip.com/downloads/en/DeviceDoc/40001906A.pdf"; VariantName = "[No Variations]"
Add component (AddParameter): Name = "Datasheet Version"; Value = "Rev. A, 04/2017"; VariantName = "[No Variations]"
Add component (AddParameter): Name = "Manufacturer"; Value = "Microchip"; VariantName = "[No Variations]"
Add component (AddParameter): Name = "Manufacturer URL"; Value = "http://www.microchip.com/"; VariantName = "[No Variations]"
Add component (AddParameter): Name = "Mounting Technology"; Value = "SurfaceMount"; VariantName = "[No Variations]"
Add component (AddParameter): Name = "Package Description"; Value = "32-Pin Thin Profile Plastic Quad Flat Package, Body 7 x 7 mm, Pitch 0.8 mm"; VariantName = "[No Variations]"
Add component (AddParameter): Name = "Package Reference"; Value = "32A"; VariantName = "[No Variations]"
Add component (AddParameter): Name = "RoHSCompliant"; Value = "false"; VariantName = "[No Variations]"
Added Component: Designator=U2(PA1616S-Footprint-1)
Add component (AddParameter): Name = "Part Number"; Value = "790"; VariantName = "[No Variations]"
Add component (AddParameter): Name = "Supplier"; Value = "adafruit"; VariantName = "[No Variations]"
Added Component: Designator=U3(TSOT-23-6)
Add component (AddParameter): Name = "Design Item ID"; Value = "TPS56339DDCR"; VariantName = "[No Variations]"
Add component (AddParameter): Name = "Source"; Value = "VoltageRegulators.SchLib"; VariantName = "[No Variations]"
Added Component: Designator=U4(TSOT-23-6)
Add component (AddParameter): Name = "Design Item ID"; Value = "TPS56339DDCR"; VariantName = "[No Variations]"
Add component (AddParameter): Name = "Source"; Value = "VoltageRegulators.SchLib"; VariantName = "[No Variations]"
Added Component: Designator=U5(DBV0005A_L)
Add component (AddParameter): Name = "Accuracy (%)"; Value = "1"; VariantName = "[No Variations]"
Add component (AddParameter): Name = "ComponentLink1Description"; Value = "Manufacturer URL"; VariantName = "[No Variations]"
Add component (AddParameter): Name = "ComponentLink1URL"; Value = "http://www.ti.com/"; VariantName = "[No Variations]"
Add component (AddParameter): Name = "ComponentLink2Description"; Value = "Datasheet"; VariantName = "[No Variations]"
Add component (AddParameter): Name = "ComponentLink2URL"; Value = "http://www.ti.com/lit/ds/symlink/lp2985-50.pdf"; VariantName = "[No Variations]"
Add component (AddParameter): Name = "ComponentLink3Description"; Value = "Package Specification"; VariantName = "[No Variations]"
Add component (AddParameter): Name = "ComponentLink3URL"; Value = "http://www.ti.com/litv/pdf/mpds018j"; VariantName = "[No Variations]"
Add component (AddParameter): Name = "DatasheetVersion"; Value = "SLVS522N"; VariantName = "[No Variations]"
Add component (AddParameter): Name = "Fixed Output Options (V)"; Value = "1.8"; VariantName = "[No Variations]"
Add component (AddParameter): Name = "Iout (Max) (A)"; Value = "0.15"; VariantName = "[No Variations]"
Add component (AddParameter): Name = "Iq (Typ) (mA)"; Value = "0.85"; VariantName = "[No Variations]"
Add component (AddParameter): Name = "Manufacturer"; Value = "Texas Instruments"; VariantName = "[No Variations]"
Add component (AddParameter): Name = "Mounting Technology"; Value = "Surface Mount"; VariantName = "[No Variations]"
Add component (AddParameter): Name = "Operating Temperature Range (degC)"; Value = "-40 to 125"; VariantName = "[No Variations]"
Add component (AddParameter): Name = "Output Options"; Value = "Fixed Output"; VariantName = "[No Variations]"
Add component (AddParameter): Name = "PackageDescription"; Value = "5-Pin Plastic Small Outline, Body 2.9 x 1.6 mm, Pitch 0.95 mm"; VariantName = "[No Variations]"
Add component (AddParameter): Name = "PackageReference"; Value = "DBV0005A"; VariantName = "[No Variations]"
Add component (AddParameter): Name = "PackageVersion"; Value = "4073253-4/L"; VariantName = "[No Variations]"
Add component (AddParameter): Name = "Packing"; Value = "Tape and Reel"; VariantName = "[No Variations]"
Add component (AddParameter): Name = "PartNumber"; Value = "LP2985A-18DBVJ"; VariantName = "[No Variations]"
Add component (AddParameter): Name = "RoHS"; Value = "TRUE"; VariantName = "[No Variations]"
Add component (AddParameter): Name = "Vdo (Typ) (mV)"; Value = "280"; VariantName = "[No Variations]"
Add component (AddParameter): Name = "Vin (V)"; Value = "2.2 to 16"; VariantName = "[No Variations]"
Added Component: Designator=U6(TDK-QFN-24_L)
Add component (AddParameter): Name = "Datasheet URL"; Value = "https://www.invensense.com/wp-content/uploads/2016/06/DS-000189-ICM-20948-v1.3.pdf"; VariantName = "[No Variations]"
Add component (AddParameter): Name = "Datasheet Version"; Value = "Rev. 1.3, 06/2017"; VariantName = "[No Variations]"
Add component (AddParameter): Name = "Manufacturer"; Value = "TDK"; VariantName = "[No Variations]"
Add component (AddParameter): Name = "Manufacturer URL"; Value = "http://www.tdk.com/"; VariantName = "[No Variations]"
Add component (AddParameter): Name = "Mounting Technology"; Value = "SurfaceMount"; VariantName = "[No Variations]"
Add component (AddParameter): Name = "Package Description"; Value = "24-Pin Quad Flat No-lead Package, Body 3 x 3 mm, Pitch 0.4 mm"; VariantName = "[No Variations]"
Add component (AddParameter): Name = "Package Reference"; Value = "QFN-24"; VariantName = "[No Variations]"
Added Component: Designator=Y1(OSC_CB3LV-3C-7M372800)
Add component (AddParameter): Name = "Availability"; Value = "Unavailable"; VariantName = "[No Variations]"
Add component (AddParameter): Name = "MF"; Value = "{'manufacturer': u'CTS-Frequency Controls'}"; VariantName = "[No Variations]"
Add component (AddParameter): Name = "MP"; Value = "CB3LV-3C-7M372800"; VariantName = "[No Variations]"
Add component (AddParameter): Name = "Package"; Value = "None"; VariantName = "[No Variations]"
Add component (AddParameter): Name = "Price"; Value = "None"; VariantName = "[No Variations]"
Add component (AddParameter): Name = "Value"; Value = ""; VariantName = "[No Variations]"
Added Pin To Net: NetName=GND Pin=C1-1
Added Pin To Net: NetName=+3V3 Pin=C1-2
Added Pin To Net: NetName=GND Pin=C2-1
Added Pin To Net: NetName=+3V3 Pin=C2-2
Added Pin To Net: NetName=GND Pin=C3-1
Added Pin To Net: NetName=+3V3 Pin=C3-2
Added Pin To Net: NetName=GND Pin=C4_B1-1
Added Pin To Net: NetName=OUT1 Pin=C4_B1-2
Added Pin To Net: NetName=GND Pin=C4_B2-1
Added Pin To Net: NetName=OUT2 Pin=C4_B2-2
Added Pin To Net: NetName=GND Pin=C4_B3-1
Added Pin To Net: NetName=OUT3 Pin=C4_B3-2
Added Pin To Net: NetName=GND Pin=C5-1
Added Pin To Net: NetName=+3V3 Pin=C5-2
Added Pin To Net: NetName=GND Pin=C6-1
Added Pin To Net: NetName=+3V3 Pin=C6-2
Added Pin To Net: NetName=GND Pin=C7-1
Added Pin To Net: NetName=+3V3 Pin=C7-2
Added Pin To Net: NetName=GND Pin=C8-1
Added Pin To Net: NetName=+3V3 Pin=C8-2
Added Pin To Net: NetName=NetC9_1 Pin=C9-1
Added Pin To Net: NetName=3V3_SW Pin=C9-2
Added Pin To Net: NetName=GND Pin=C10-1
Added Pin To Net: NetName=+3V3 Pin=C10-2
Added Pin To Net: NetName=GND Pin=C11-1
Added Pin To Net: NetName=+3V3 Pin=C11-2
Added Pin To Net: NetName=GND Pin=C12-1
Added Pin To Net: NetName=+3V3 Pin=C12-2
Added Pin To Net: NetName=GND Pin=C13-1
Added Pin To Net: NetName=+3V3 Pin=C13-2
Added Pin To Net: NetName=GND Pin=C14-1
Added Pin To Net: NetName=+3V3 Pin=C14-2
Added Pin To Net: NetName=GND Pin=C15-1
Added Pin To Net: NetName=+9V Pin=C15-2
Added Pin To Net: NetName=GND Pin=C16-1
Added Pin To Net: NetName=+9V Pin=C16-2
Added Pin To Net: NetName=NetC17_1 Pin=C17-1
Added Pin To Net: NetName=5V_SW Pin=C17-2
Added Pin To Net: NetName=GND Pin=C18-1
Added Pin To Net: NetName=+5V Pin=C18-2
Added Pin To Net: NetName=GND Pin=C19-1
Added Pin To Net: NetName=+5V Pin=C19-2
Added Pin To Net: NetName=GND Pin=C20-1
Added Pin To Net: NetName=+5V Pin=C20-2
Added Pin To Net: NetName=GND Pin=C21-1
Added Pin To Net: NetName=+9V Pin=C21-2
Added Pin To Net: NetName=GND Pin=C22-1
Added Pin To Net: NetName=+9V Pin=C22-2
Added Pin To Net: NetName=GND Pin=C23-1
Added Pin To Net: NetName=+5V Pin=C23-2
Added Pin To Net: NetName=GND Pin=C24-1
Added Pin To Net: NetName=EXT_BUTTON1 Pin=C24-2
Added Pin To Net: NetName=GND Pin=C25-1
Added Pin To Net: NetName=EXT_BUTTON2 Pin=C25-2
Added Pin To Net: NetName=GND Pin=C26-1
Added Pin To Net: NetName=+5V Pin=C26-2
Added Pin To Net: NetName=GND Pin=C27-1
Added Pin To Net: NetName=NetC27_2 Pin=C27-2
Added Pin To Net: NetName=GND Pin=C28-1
Added Pin To Net: NetName=+1V8 Pin=C28-2
Added Pin To Net: NetName=GND Pin=C29-1
Added Pin To Net: NetName=+3V3 Pin=C29-2
Added Pin To Net: NetName=GND Pin=C30-1
Added Pin To Net: NetName=NetC30_2 Pin=C30-2
Added Pin To Net: NetName=GND Pin=C31-1
Added Pin To Net: NetName=+1V8 Pin=C31-2
Added Pin To Net: NetName=GND Pin=C32-1
Added Pin To Net: NetName=+1V8 Pin=C32-2
Added Pin To Net: NetName=NetD1_1 Pin=D1-1
Added Pin To Net: NetName=NetD1_2 Pin=D1-2
Added Pin To Net: NetName=NetD2_1 Pin=D2-1
Added Pin To Net: NetName=NetD2_2 Pin=D2-2
Added Pin To Net: NetName=NetD3_1 Pin=D3-1
Added Pin To Net: NetName=NetD3_2 Pin=D3-2
Added Pin To Net: NetName=NetD4_A Pin=D4-A
Added Pin To Net: NetName=GND Pin=D4-C
Added Pin To Net: NetName=NetD5_A Pin=D5-A
Added Pin To Net: NetName=GND Pin=D5-C
Added Pin To Net: NetName=NetD6_A Pin=D6-A
Added Pin To Net: NetName=GND Pin=D6-C
Added Pin To Net: NetName=GND Pin=D7-1
Added Pin To Net: NetName=+1V8 Pin=D7-2
Added Pin To Net: NetName=LCD_EN Pin=DNP-1
Added Pin To Net: NetName=+3V3 Pin=DNP-2
Added Pin To Net: NetName=pMiso Pin=J1-1
Added Pin To Net: NetName=+3V3 Pin=J1-2
Added Pin To Net: NetName=pSCK Pin=J1-3
Added Pin To Net: NetName=pMosi Pin=J1-4
Added Pin To Net: NetName=~Reset Pin=J1-5
Added Pin To Net: NetName=GND Pin=J1-6
Added Pin To Net: NetName=+3V3 Pin=J2-1
Added Pin To Net: NetName=GND Pin=J2-2
Added Pin To Net: NetName=Light_Sens Pin=J2-3
Added Pin To Net: NetName=+9V Pin=J2-4
Added Pin To Net: NetName=Bike_RTN Pin=J2-5
Added Pin To Net: NetName=+9V Pin=J2-6
Added Pin To Net: NetName=LCD_RTN Pin=J2-7
Added Pin To Net: NetName=+5V Pin=J3-1
Added Pin To Net: NetName=GND Pin=J3-2
Added Pin To Net: NetName=SDA Pin=J3-3
Added Pin To Net: NetName=SCL Pin=J3-4
Added Pin To Net: NetName=NetJ3_5 Pin=J3-5
Added Pin To Net: NetName=GND Pin=J3-6
Added Pin To Net: NetName=INP1 Pin=J3-7
Added Pin To Net: NetName=INP2 Pin=J3-8
Added Pin To Net: NetName=+9V Pin=J4-1
Added Pin To Net: NetName=GND Pin=J4-2
Added Pin To Net: NetName=GND Pin=J5-A1
Added Pin To Net: NetName=+5V Pin=J5-A4
Added Pin To Net: NetName=+5V Pin=J5-A9
Added Pin To Net: NetName=GND Pin=J5-A12
Added Pin To Net: NetName=GND Pin=J5-B1
Added Pin To Net: NetName=+5V Pin=J5-B4
Added Pin To Net: NetName=+5V Pin=J5-B9
Added Pin To Net: NetName=GND Pin=J5-B12
Added Pin To Net: NetName=GND Pin=J5-Shell
Added Pin To Net: NetName=GND Pin=J5-Shell
Added Pin To Net: NetName=GND Pin=J5-Shell
Added Pin To Net: NetName=GND Pin=J5-Shell
Added Pin To Net: NetName=GND Pin=J5-Shell
Added Pin To Net: NetName=GND Pin=J5-Shell
Added Pin To Net: NetName=GND Pin=J5-Shell
Added Pin To Net: NetName=GND Pin=J5-Shell
Added Pin To Net: NetName=EXT_BAT Pin=J6-1
Added Pin To Net: NetName=GND Pin=J6-2
Added Pin To Net: NetName=3V3_SW Pin=L1-1
Added Pin To Net: NetName=+3V3 Pin=L1-2
Added Pin To Net: NetName=5V_SW Pin=L3-1
Added Pin To Net: NetName=+5V Pin=L3-2
Added Pin To Net: NetName=NetQ1_1 Pin=Q1-1
Added Pin To Net: NetName=+3V3 Pin=Q1-2
Added Pin To Net: NetName=NetD1_2 Pin=Q1-3
Added Pin To Net: NetName=NetQ2_1 Pin=Q2-1
Added Pin To Net: NetName=+3V3 Pin=Q2-2
Added Pin To Net: NetName=NetD2_2 Pin=Q2-3
Added Pin To Net: NetName=NetQ3_1 Pin=Q3-1
Added Pin To Net: NetName=+3V3 Pin=Q3-2
Added Pin To Net: NetName=NetD3_2 Pin=Q3-3
Added Pin To Net: NetName=BIKE_EN Pin=Q4-1
Added Pin To Net: NetName=GND Pin=Q4-2
Added Pin To Net: NetName=Bike_RTN Pin=Q4-3
Added Pin To Net: NetName=LCD_EN Pin=Q5-1
Added Pin To Net: NetName=GND Pin=Q5-2
Added Pin To Net: NetName=LCD_RTN Pin=Q5-3
Added Pin To Net: NetName=SCL Pin=Q6-D
Added Pin To Net: NetName=+1V8 Pin=Q6-G
Added Pin To Net: NetName=IMU_SCL Pin=Q6-S
Added Pin To Net: NetName=IMU_INT Pin=Q7-D
Added Pin To Net: NetName=+1V8 Pin=Q7-G
Added Pin To Net: NetName=INT Pin=Q7-S
Added Pin To Net: NetName=SDA Pin=Q8-D
Added Pin To Net: NetName=+1V8 Pin=Q8-G
Added Pin To Net: NetName=IMU_SDA Pin=Q8-S
Added Pin To Net: NetName=NetR1_B1_1 Pin=R1_B1-1
Added Pin To Net: NetName=+3V3 Pin=R1_B1-2
Added Pin To Net: NetName=NetR1_B2_1 Pin=R1_B2-1
Added Pin To Net: NetName=+3V3 Pin=R1_B2-2
Added Pin To Net: NetName=NetR1_B3_1 Pin=R1_B3-1
Added Pin To Net: NetName=+3V3 Pin=R1_B3-2
Added Pin To Net: NetName=OUT1 Pin=R2_B1-1
Added Pin To Net: NetName=NetR1_B1_1 Pin=R2_B1-2
Added Pin To Net: NetName=OUT2 Pin=R2_B2-1
Added Pin To Net: NetName=NetR1_B2_1 Pin=R2_B2-2
Added Pin To Net: NetName=OUT3 Pin=R2_B3-1
Added Pin To Net: NetName=NetR1_B3_1 Pin=R2_B3-2
Added Pin To Net: NetName=NetD1_1 Pin=R3-1
Added Pin To Net: NetName=GND Pin=R3-2
Added Pin To Net: NetName=NetD2_1 Pin=R4-1
Added Pin To Net: NetName=GND Pin=R4-2
Added Pin To Net: NetName=NetD3_1 Pin=R5-1
Added Pin To Net: NetName=GND Pin=R5-2
Added Pin To Net: NetName=SDA Pin=R6-1
Added Pin To Net: NetName=+3V3 Pin=R6-2
Added Pin To Net: NetName=SCL Pin=R7-1
Added Pin To Net: NetName=+3V3 Pin=R7-2
Added Pin To Net: NetName=3V3_BOOT Pin=R8-1
Added Pin To Net: NetName=NetC9_1 Pin=R8-2
Added Pin To Net: NetName=3V3_FB Pin=R9-1
Added Pin To Net: NetName=+3V3 Pin=R9-2
Added Pin To Net: NetName=3V3_EN Pin=R10-1
Added Pin To Net: NetName=+9V Pin=R10-2
Added Pin To Net: NetName=5V_BOOT Pin=R11-1
Added Pin To Net: NetName=NetC17_1 Pin=R11-2
Added Pin To Net: NetName=5V_FB Pin=R12-1
Added Pin To Net: NetName=+5V Pin=R12-2
Added Pin To Net: NetName=GND Pin=R13-1
Added Pin To Net: NetName=5V_FB Pin=R13-2
Added Pin To Net: NetName=GND Pin=R14-1
Added Pin To Net: NetName=3V3_FB Pin=R14-2
Added Pin To Net: NetName=GND Pin=R15-1
Added Pin To Net: NetName=3V3_EN Pin=R15-2
Added Pin To Net: NetName=5V_EN Pin=R16-1
Added Pin To Net: NetName=+9V Pin=R16-2
Added Pin To Net: NetName=NetJ3_5 Pin=R17-1
Added Pin To Net: NetName=+3V3 Pin=R17-2
Added Pin To Net: NetName=EXT_BUTTON1 Pin=R18-1
Added Pin To Net: NetName=INP1 Pin=R18-2
Added Pin To Net: NetName=EXT_BUTTON2 Pin=R19-1
Added Pin To Net: NetName=INP2 Pin=R19-2
Added Pin To Net: NetName=RX Pin=R20-1
Added Pin To Net: NetName=NetR20_2 Pin=R20-2
Added Pin To Net: NetName=TX Pin=R21-1
Added Pin To Net: NetName=NetR21_2 Pin=R21-2
Added Pin To Net: NetName=GND Pin=R22-1
Added Pin To Net: NetName=5V_EN Pin=R22-2
Added Pin To Net: NetName=NetD4_A Pin=R23-1
Added Pin To Net: NetName=+9V Pin=R23-2
Added Pin To Net: NetName=NetD5_A Pin=R24-1
Added Pin To Net: NetName=+5V Pin=R24-2
Added Pin To Net: NetName=+3V3 Pin=R25-1
Added Pin To Net: NetName=NetD6_A Pin=R25-2
Added Pin To Net: NetName=IMU_SCL Pin=R26-1
Added Pin To Net: NetName=+1V8 Pin=R26-2
Added Pin To Net: NetName=IMU_INT Pin=R28-1
Added Pin To Net: NetName=+3V3 Pin=R28-2
Added Pin To Net: NetName=INT Pin=R29-1
Added Pin To Net: NetName=+1V8 Pin=R29-2
Added Pin To Net: NetName=IMU_SDA Pin=R31-1
Added Pin To Net: NetName=+1V8 Pin=R31-2
Added Pin To Net: NetName=GND Pin=S1_B1-1
Added Pin To Net: NetName=GND Pin=S1_B1-1
Added Pin To Net: NetName=NetR1_B1_1 Pin=S1_B1-2
Added Pin To Net: NetName=NetR1_B1_1 Pin=S1_B1-2
Added Pin To Net: NetName=GND Pin=S1_B2-1
Added Pin To Net: NetName=GND Pin=S1_B2-1
Added Pin To Net: NetName=NetR1_B2_1 Pin=S1_B2-2
Added Pin To Net: NetName=NetR1_B2_1 Pin=S1_B2-2
Added Pin To Net: NetName=GND Pin=S1_B3-1
Added Pin To Net: NetName=GND Pin=S1_B3-1
Added Pin To Net: NetName=NetR1_B3_1 Pin=S1_B3-2
Added Pin To Net: NetName=NetR1_B3_1 Pin=S1_B3-2
Added Pin To Net: NetName=NetQ2_1 Pin=U1-1
Added Pin To Net: NetName=NetQ1_1 Pin=U1-2
Added Pin To Net: NetName=OUT3 Pin=U1-3
Added Pin To Net: NetName=+3V3 Pin=U1-4
Added Pin To Net: NetName=GND Pin=U1-5
Added Pin To Net: NetName=SysCLK Pin=U1-7
Added Pin To Net: NetName=BIKE_EN Pin=U1-8
Added Pin To Net: NetName=NetQ3_1 Pin=U1-9
Added Pin To Net: NetName=OUT1 Pin=U1-10
Added Pin To Net: NetName=OUT2 Pin=U1-11
Added Pin To Net: NetName=IMU_INT Pin=U1-12
Added Pin To Net: NetName=pMosi Pin=U1-15
Added Pin To Net: NetName=pMiso Pin=U1-16
Added Pin To Net: NetName=pSCK Pin=U1-17
Added Pin To Net: NetName=+3V3 Pin=U1-18
Added Pin To Net: NetName=GND Pin=U1-21
Added Pin To Net: NetName=Light_Sens Pin=U1-22
Added Pin To Net: NetName=LCD_EN Pin=U1-23
Added Pin To Net: NetName=1PPS Pin=U1-24
Added Pin To Net: NetName=EXT_BUTTON1 Pin=U1-25
Added Pin To Net: NetName=EXT_BUTTON2 Pin=U1-26
Added Pin To Net: NetName=SDA Pin=U1-27
Added Pin To Net: NetName=SCL Pin=U1-28
Added Pin To Net: NetName=~Reset Pin=U1-29
Added Pin To Net: NetName=RX Pin=U1-30
Added Pin To Net: NetName=TX Pin=U1-31
Added Pin To Net: NetName=+3V3 Pin=U2-1
Added Pin To Net: NetName=GND Pin=U2-3
Added Pin To Net: NetName=EXT_BAT Pin=U2-4
Added Pin To Net: NetName=GND Pin=U2-8
Added Pin To Net: NetName=NetR20_2 Pin=U2-9
Added Pin To Net: NetName=NetR21_2 Pin=U2-10
Added Pin To Net: NetName=GND Pin=U2-12
Added Pin To Net: NetName=1PPS Pin=U2-13
Added Pin To Net: NetName=GND Pin=U2-19
Added Pin To Net: NetName=GND Pin=U3-1
Added Pin To Net: NetName=3V3_SW Pin=U3-2
Added Pin To Net: NetName=+9V Pin=U3-3
Added Pin To Net: NetName=3V3_FB Pin=U3-4
Added Pin To Net: NetName=3V3_EN Pin=U3-5
Added Pin To Net: NetName=3V3_BOOT Pin=U3-6
Added Pin To Net: NetName=GND Pin=U4-1
Added Pin To Net: NetName=5V_SW Pin=U4-2
Added Pin To Net: NetName=+9V Pin=U4-3
Added Pin To Net: NetName=5V_FB Pin=U4-4
Added Pin To Net: NetName=5V_EN Pin=U4-5
Added Pin To Net: NetName=5V_BOOT Pin=U4-6
Added Pin To Net: NetName=+3V3 Pin=U5-1
Added Pin To Net: NetName=GND Pin=U5-2
Added Pin To Net: NetName=+3V3 Pin=U5-3
Added Pin To Net: NetName=NetC27_2 Pin=U5-4
Added Pin To Net: NetName=+1V8 Pin=U5-5
Added Pin To Net: NetName=+1V8 Pin=U6-8
Added Pin To Net: NetName=+1V8 Pin=U6-9
Added Pin To Net: NetName=NetC30_2 Pin=U6-10
Added Pin To Net: NetName=GND Pin=U6-11
Added Pin To Net: NetName=INT Pin=U6-12
Added Pin To Net: NetName=+1V8 Pin=U6-13
Added Pin To Net: NetName=GND Pin=U6-18
Added Pin To Net: NetName=GND Pin=U6-20
Added Pin To Net: NetName=+1V8 Pin=U6-22
Added Pin To Net: NetName=IMU_SCL Pin=U6-23
Added Pin To Net: NetName=IMU_SDA Pin=U6-24
Added Pin To Net: NetName=GND Pin=U6-25
Added Pin To Net: NetName=+3V3 Pin=Y1-1
Added Pin To Net: NetName=GND Pin=Y1-2
Added Pin To Net: NetName=SysCLK Pin=Y1-3
Added Pin To Net: NetName=+3V3 Pin=Y1-4
Added Member To Class: ClassName=U_CPU Member=Component C1 4.7uF
Added Member To Class: ClassName=U_CPU Member=Component C2 0.1UF
Added Member To Class: ClassName=U_CPU Member=Component C3 0.1UF
Added Member To Class: ClassName=B1 Member=Component C4_B1 (C4) 1uF
Added Member To Class: ClassName=B2 Member=Component C4_B2 (C4) 1uF
Added Member To Class: ClassName=B3 Member=Component C4_B3 (C4) 1uF
Added Member To Class: ClassName=U_GPS Member=Component C5 0.1UF
Added Member To Class: ClassName=U_GPS Member=Component C6 0.1UF
Added Member To Class: ClassName=U_GPS Member=Component C7 0.1UF
Added Member To Class: ClassName=U_CPU Member=Component C8 CL31B103KBCNNNC
Added Member To Class: ClassName=U_3v3Regulator Member=Component C9 0.1UF
Added Member To Class: ClassName=U_3v3Regulator Member=Component C10 10UF
Added Member To Class: ClassName=U_3v3Regulator Member=Component C11 10UF
Added Member To Class: ClassName=U_3v3Regulator Member=Component C12 10UF
Added Member To Class: ClassName=U_3v3Regulator Member=Component C13 10UF
Added Member To Class: ClassName=U_3v3Regulator Member=Component C14 10UF
Added Member To Class: ClassName=U_3v3Regulator Member=Component C15 10UF
Added Member To Class: ClassName=U_3v3Regulator Member=Component C16 0.1UF
Added Member To Class: ClassName=U_5VRegulator Member=Component C17 0.1UF
Added Member To Class: ClassName=U_5VRegulator Member=Component C18 10UF
Added Member To Class: ClassName=U_5VRegulator Member=Component C19 10UF
Added Member To Class: ClassName=U_5VRegulator Member=Component C20 10UF
Added Member To Class: ClassName=U_5VRegulator Member=Component C21 10UF
Added Member To Class: ClassName=U_5VRegulator Member=Component C22 0.1UF
Added Member To Class: ClassName=U_5VRegulator Member=Component C23 10UF
Added Member To Class: ClassName=U_Connectors Member=Component C24 1uF
Added Member To Class: ClassName=U_Connectors Member=Component C25 1uF
Added Member To Class: ClassName=U_5VRegulator Member=Component C26 10UF
Added Member To Class: ClassName=U_IMU Member=Component C27 0.1uF
Added Member To Class: ClassName=U_IMU Member=Component C28 2.2uF
Added Member To Class: ClassName=U_IMU Member=Component C29 1uF
Added Member To Class: ClassName=U_IMU Member=Component C30 0.1uF
Added Member To Class: ClassName=U_IMU Member=Component C31 0.1 uF
Added Member To Class: ClassName=U_IMU Member=Component C32 0.1uF
Added Member To Class: ClassName=U_LEDs Member=Component D1 350-1556-ND
Added Member To Class: ClassName=U_LEDs Member=Component D2 151033BS03000
Added Member To Class: ClassName=U_LEDs Member=Component D3 151031VS04000
Added Member To Class: ClassName=U_LEDs Member=Component D4 HSMS-C150
Added Member To Class: ClassName=U_LEDs Member=Component D5 HSMS-C150
Added Member To Class: ClassName=U_LEDs Member=Component D6 HSMS-C150
Added Member To Class: ClassName=U_IMU Member=Component D7 AA3528LSECKT/J3
Added Member To Class: ClassName=U_Connectors Member=Component DNP ERJ-3EKF1001V
Added Member To Class: ClassName=U_CPU Member=Component J1 SBH11-NBPC-D03-ST-BK
Added Member To Class: ClassName=U_Connectors Member=Component J2 1945151
Added Member To Class: ClassName=U_Connectors Member=Component J3 1945151
Added Member To Class: ClassName=U_Connectors Member=Component J4 282837-2
Added Member To Class: ClassName=U_Connectors Member=Component J5 632723100011
Added Member To Class: ClassName=U_GPS Member=Component J6 282837-2
Added Member To Class: ClassName=U_3v3Regulator Member=Component L1 IHLP2020CZER4R7M11
Added Member To Class: ClassName=U_5VRegulator Member=Component L3 4.7uH
Added Member To Class: ClassName=U_LEDs Member=Component Q1 BSS84
Added Member To Class: ClassName=U_LEDs Member=Component Q2 BSS84
Added Member To Class: ClassName=U_LEDs Member=Component Q3 BSS84
Added Member To Class: ClassName=U_Connectors Member=Component Q4 2N7002
Added Member To Class: ClassName=U_Connectors Member=Component Q5 2N7002
Added Member To Class: ClassName=U_IMU Member=Component Q6 RE1C002UNTCL
Added Member To Class: ClassName=U_IMU Member=Component Q7 RE1C002UNTCL
Added Member To Class: ClassName=U_IMU Member=Component Q8 RE1C002UNTCL
Added Member To Class: ClassName=B1 Member=Component R1_B1 (R1) 10k
Added Member To Class: ClassName=B2 Member=Component R1_B2 (R1) 10k
Added Member To Class: ClassName=B3 Member=Component R1_B3 (R1) 10k
Added Member To Class: ClassName=B1 Member=Component R2_B1 (R2) 10k
Added Member To Class: ClassName=B2 Member=Component R2_B2 (R2) 10k
Added Member To Class: ClassName=B3 Member=Component R2_B3 (R2) 10k
Added Member To Class: ClassName=U_LEDs Member=Component R3 120
Added Member To Class: ClassName=U_LEDs Member=Component R4 22
Added Member To Class: ClassName=U_LEDs Member=Component R5 51
Added Member To Class: ClassName=U_CPU Member=Component R6 10k
Added Member To Class: ClassName=U_CPU Member=Component R7 10k
Added Member To Class: ClassName=U_3v3Regulator Member=Component R8 ERA-8AHD300V
Added Member To Class: ClassName=U_3v3Regulator Member=Component R9 CRCW060330K9FKEA
Added Member To Class: ClassName=U_3v3Regulator Member=Component R10 CRCW1206174KFKEA
Added Member To Class: ClassName=U_5VRegulator Member=Component R11 30
Added Member To Class: ClassName=U_5VRegulator Member=Component R12 52.3k
Added Member To Class: ClassName=U_5VRegulator Member=Component R13 10k
Added Member To Class: ClassName=U_3v3Regulator Member=Component R14 10k
Added Member To Class: ClassName=U_3v3Regulator Member=Component R15 CRCW120636K5FKEA
Added Member To Class: ClassName=U_5VRegulator Member=Component R16 174k
Added Member To Class: ClassName=U_Connectors Member=Component R17 ERA-8AEB103V
Added Member To Class: ClassName=U_Connectors Member=Component R18 10k
Added Member To Class: ClassName=U_Connectors Member=Component R19 10k
Added Member To Class: ClassName=U_GPS Member=Component R20 470
Added Member To Class: ClassName=U_GPS Member=Component R21 470
Added Member To Class: ClassName=U_5VRegulator Member=Component R22 36.5k
Added Member To Class: ClassName=U_LEDs Member=Component R23 330
Added Member To Class: ClassName=U_LEDs Member=Component R24 120
Added Member To Class: ClassName=U_LEDs Member=Component R25 51
Added Member To Class: ClassName=U_IMU Member=Component R26 10k
Added Member To Class: ClassName=U_IMU Member=Component R28 10k
Added Member To Class: ClassName=U_IMU Member=Component R29 10k
Added Member To Class: ClassName=U_IMU Member=Component R31 10k
Added Member To Class: ClassName=B1 Member=Component S1_B1 (S1) PTS645SK13SMTR92LFS
Added Member To Class: ClassName=B2 Member=Component S1_B2 (S1) PTS645SK13SMTR92LFS
Added Member To Class: ClassName=B3 Member=Component S1_B3 (S1) PTS645SK13SMTR92LFS
Added Member To Class: ClassName=U_CPU Member=Component U1 ATMEGA328PB-AU
Added Member To Class: ClassName=U_GPS Member=Component U2 PA1616S
Added Member To Class: ClassName=U_3v3Regulator Member=Component U3 AP63301WU-7
Added Member To Class: ClassName=U_5VRegulator Member=Component U4 AP63301WU-7
Added Member To Class: ClassName=U_IMU Member=Component U5 LP2985A-18DBVJ
Added Member To Class: ClassName=U_IMU Member=Component U6 ICM-20948
Added Member To Class: ClassName=U_CPU Member=Component Y1 CB3LV-3C-7M372800
Added Room: Name=B1
Added Room: Name=B2
Added Room: Name=B3
Added Room: Name=U_3v3Regulator
Added Room: Name=U_5VRegulator
Added Room: Name=U_Connectors
Added Room: Name=U_CPU
Added Room: Name=U_GPS
Added Room: Name=U_IMU
Added Room: Name=U_LEDs
